<?xml version="1.0" encoding="UTF-8"?>
<!-- Generated by org.testng.reporters.JUnitXMLReporter -->
<testsuite ignored="0" hostname="DESKTOP-M38HEA9" failures="1" tests="3" name="Test" time="0.047" errors="0" timestamp="14 Nov 2024 07:20:49 GMT">
  <testcase classname="org.test.Sampletest2" name="test" time="0.009"/>
  <testcase classname="org.test.Sampletest3" name="test" time="0.002">
    <failure type="java.lang.AssertionError" message="expected [true] but found [false]">
      <![CDATA[java.lang.AssertionError: expected [true] but found [false]
at org.test.Sampletest3.test(Sampletest3.java:30)
... Removed 27 stack frames]]>
    </failure>
  </testcase> <!-- test -->
  <testcase classname="org.test.Sampletest" name="test" time="0.001"/>
</testsuite> <!-- Test -->
